<?xml version="1.0" encoding="UTF-8"?>
<testng-results ignored="0" total="1" passed="1" failed="0" skipped="0">
  <reporter-output>
  </reporter-output>
  <suite started-at="2022-02-19T10:59:13Z" name="Default suite" finished-at="2022-02-19T10:59:34Z" duration-ms="20826">
    <groups>
    </groups>
    <test started-at="2022-02-19T10:59:13Z" name="Default test" finished-at="2022-02-19T10:59:34Z" duration-ms="20826">
      <class name="com.qa.Testcases.LoginTest">
        <test-method is-config="true" signature="beforeTest()[pri:0, instance:com.qa.Testcases.LoginTest@2e1ef60]" started-at="2022-02-19T10:59:13Z" name="beforeTest" finished-at="2022-02-19T10:59:27Z" duration-ms="13797" status="PASS">
          <reporter-output>
          </reporter-output>
        </test-method> <!-- beforeTest -->
        <test-method signature="validateLogin()[pri:0, instance:com.qa.Testcases.LoginTest@2e1ef60]" started-at="2022-02-19T10:59:27Z" name="validateLogin" finished-at="2022-02-19T10:59:34Z" duration-ms="6769" status="PASS">
          <reporter-output>
          </reporter-output>
        </test-method> <!-- validateLogin -->
        <test-method is-config="true" signature="afterTest()[pri:0, instance:com.qa.Testcases.LoginTest@2e1ef60]" started-at="2022-02-19T10:59:34Z" name="afterTest" finished-at="2022-02-19T10:59:34Z" duration-ms="238" status="PASS">
          <reporter-output>
          </reporter-output>
        </test-method> <!-- afterTest -->
      </class> <!-- com.qa.Testcases.LoginTest -->
    </test> <!-- Default test -->
  </suite> <!-- Default suite -->
</testng-results>
